.\srcD.pdb
C:\dev\engine\src\.\srcD.exe
C:\DEV\ENGINE\SRC\OBJ\DEBUG\ANIMATION.OBJ
C:\DEV\ENGINE\SRC\OBJ\DEBUG\CAMERA.OBJ
C:\dev\engine\src\obj\Debug\cl.command.1.tlog
C:\dev\engine\src\obj\Debug\CL.read.1.tlog
C:\dev\engine\src\obj\Debug\CL.write.1.tlog
C:\DEV\ENGINE\SRC\OBJ\DEBUG\CRANE.OBJ
C:\DEV\ENGINE\SRC\OBJ\DEBUG\CUBE.OBJ
C:\DEV\ENGINE\SRC\OBJ\DEBUG\D3DRENDERER.OBJ
C:\DEV\ENGINE\SRC\OBJ\DEBUG\ENGINE.OBJ
C:\DEV\ENGINE\SRC\OBJ\DEBUG\GAME.OBJ
C:\DEV\ENGINE\SRC\OBJ\DEBUG\GAMESTATE.OBJ
C:\dev\engine\src\obj\Debug\link.command.1.tlog
C:\dev\engine\src\obj\Debug\link.read.1.tlog
C:\dev\engine\src\obj\Debug\link.write.1.tlog
C:\dev\engine\src\obj\Debug\link-cvtres.read.1.tlog
C:\dev\engine\src\obj\Debug\link-cvtres.write.1.tlog
C:\DEV\ENGINE\SRC\OBJ\DEBUG\MAIN.OBJ
C:\DEV\ENGINE\SRC\OBJ\DEBUG\MESH.OBJ
C:\DEV\ENGINE\SRC\OBJ\DEBUG\MODEL.OBJ
C:\dev\engine\src\obj\Debug\mt.command.1.tlog
C:\dev\engine\src\obj\Debug\mt.read.1.tlog
C:\dev\engine\src\obj\Debug\mt.write.1.tlog
C:\DEV\ENGINE\SRC\OBJ\DEBUG\OBJECT.OBJ
C:\DEV\ENGINE\SRC\OBJ\DEBUG\OGLRENDERER.OBJ
C:\DEV\ENGINE\SRC\OBJ\DEBUG\PLANE.OBJ
C:\dev\engine\src\obj\Debug\rc.command.1.tlog
C:\dev\engine\src\obj\Debug\rc.read.1.tlog
C:\dev\engine\src\obj\Debug\rc.write.1.tlog
C:\DEV\ENGINE\SRC\OBJ\DEBUG\SCENENODE.OBJ
C:\DEV\ENGINE\SRC\OBJ\DEBUG\SHADERFACTORY.OBJ
C:\DEV\ENGINE\SRC\OBJ\DEBUG\SRCD.EXE.EMBED.MANIFEST
C:\DEV\ENGINE\SRC\OBJ\DEBUG\SRCD.EXE.EMBED.MANIFEST.RES
C:\DEV\ENGINE\SRC\OBJ\DEBUG\SRCD.EXE.INTERMEDIATE.MANIFEST
C:\dev\engine\src\obj\Debug\srcD_manifest.rc
C:\dev\engine\src\obj\Debug\vc100.idb
C:\DEV\ENGINE\SRC\OBJ\DEBUG\VC100.PDB
C:\DEV\ENGINE\SRC\OBJ\DEBUG\WINDOW.OBJ
C:\DEV\ENGINE\SRC\SRCD.EXE
C:\DEV\ENGINE\SRC\SRCD.PDB
