Build started 16/05/2013 13:00:47.
     1>Project "C:\dev\engine\csc3204\lib\assimp\build\code\assimp.vcxproj" on node 3 (build target(s)).
     1>InitializeBuildStatus:
         Creating "assimp.dir\Debug\assimp.unsuccessfulbuild" because "AlwaysCreate" was specified.
       CustomBuild:
         Building Custom Rule C:/dev/engine/csc3204/lib/assimp/code/CMakeLists.txt
         CMake does not need to re-run because C:\dev\engine\csc3204\lib\assimp\build\code\CMakeFiles\generate.stamp is up-to-date.
       ClCompile:
         c:\Program Files (x86)\Microsoft Visual Studio 10.0\VC\bin\CL.exe /c /IC:/dev/engine/csc3204/lib/assimp/include /IC:/dev/engine/csc3204/lib/assimp/code/BoostWorkaround /IC:/dev/engine/csc3204/lib/assimp/3rdparty/zlib /IC:/dev/engine/csc3204/lib/assimp/code/../contrib/unzip /Zi /nologo /W3 /WX- /Od /Ob0 /Oy- /D WIN32 /D _WINDOWS /D _DEBUG /D ASSIMP_BUILD_BOOST_WORKAROUND /D ASSIMP_BUILD_DLL_EXPORT /D _SCL_SECURE_NO_WARNINGS /D _CRT_SECURE_NO_WARNINGS /D "CMAKE_INTDIR=\"Debug\"" /D assimp_EXPORTS /D _WINDLL /D _MBCS /Gm- /EHsc /RTC1 /MDd /GS /fp:precise /Zc:wchar_t /Zc:forScope /GR /Fo"assimp.dir\Debug\\" /Fd"C:/dev/engine/csc3204/lib/assimp/build/code/Debug/assimpD.pdb" /Gd /TP /analyze- /errorReport:prompt ..\..\code\Assimp.cpp ..\..\code\AssimpPCH.cpp ..\..\code\BaseImporter.cpp ..\..\code\BaseProcess.cpp ..\..\code\PostStepRegistry.cpp ..\..\code\ImporterRegistry.cpp ..\..\code\DefaultIOStream.cpp ..\..\code\DefaultIOSystem.cpp ..\..\code\Importer.cpp ..\..\code\SGSpatialSort.cpp ..\..\code\VertexTriangleAdjacency.cpp ..\..\code\SpatialSort.cpp ..\..\code\SceneCombiner.cpp ..\..\code\ScenePreprocessor.cpp ..\..\code\SkeletonMeshBuilder.cpp ..\..\code\SplitByBoneCountProcess.cpp ..\..\code\StandardShapes.cpp ..\..\code\TargetAnimation.cpp ..\..\code\RemoveComments.cpp ..\..\code\Subdivision.cpp ..\..\code\DefaultLogger.cpp ..\..\code\Exporter.cpp ..\..\code\AssimpCExport.cpp ..\..\code\CalcTangentsProcess.cpp ..\..\code\ComputeUVMappingProcess.cpp ..\..\code\ConvertToLHProcess.cpp ..\..\code\FindDegenerates.cpp ..\..\code\FindInstancesProcess.cpp ..\..\code\FindInvalidDataProcess.cpp ..\..\code\FixNormalsStep.cpp ..\..\code\GenFaceNormalsProcess.cpp ..\..\code\GenVertexNormalsProcess.cpp ..\..\code\PretransformVertices.cpp ..\..\code\ImproveCacheLocality.cpp ..\..\code\JoinVerticesProcess.cpp ..\..\code\LimitBoneWeightsProcess.cpp ..\..\code\RemoveRedundantMaterials.cpp ..\..\code\RemoveVCProcess.cpp ..\..\code\SortByPTypeProcess.cpp ..\..\code\SplitLargeMeshes.cpp ..\..\code\TerragenLoader.cpp ..\..\code\TextureTransform.cpp ..\..\code\TriangulateProcess.cpp ..\..\code\ValidateDataStructure.cpp ..\..\code\OptimizeGraph.cpp ..\..\code\OptimizeMeshes.cpp ..\..\code\DeboneProcess.cpp ..\..\code\ProcessHelper.cpp ..\..\code\MakeVerboseFormat.cpp ..\..\code\3DSConverter.cpp ..\..\code\3DSLoader.cpp ..\..\code\ACLoader.cpp ..\..\code\ASELoader.cpp ..\..\code\ASEParser.cpp ..\..\code\B3DImporter.cpp ..\..\code\BVHLoader.cpp ..\..\code\ColladaLoader.cpp ..\..\code\ColladaParser.cpp ..\..\code\ColladaExporter.cpp ..\..\code\DXFLoader.cpp ..\..\code\CSMLoader.cpp ..\..\code\HMPLoader.cpp ..\..\code\IRRLoader.cpp ..\..\code\IRRMeshLoader.cpp ..\..\code\IRRShared.cpp ..\..\code\LWOAnimation.cpp ..\..\code\LWOBLoader.cpp ..\..\code\LWOLoader.cpp ..\..\code\LWOMaterial.cpp ..\..\code\LWSLoader.cpp ..\..\code\M3Importer.cpp ..\..\code\MD2Loader.cpp ..\..\code\MD3Loader.cpp ..\..\code\MD5Loader.cpp ..\..\code\MD5Parser.cpp ..\..\code\MDCLoader.cpp ..\..\code\MDLLoader.cpp ..\..\code\MDLMaterialLoader.cpp ..\..\code\MaterialSystem.cpp ..\..\code\NFFLoader.cpp ..\..\code\OFFLoader.cpp ..\..\code\ObjFileImporter.cpp ..\..\code\ObjFileMtlImporter.cpp ..\..\code\ObjFileParser.cpp ..\..\code\ObjExporter.cpp ..\..\code\OgreImporter.cpp ..\..\code\OgreMaterial.cpp ..\..\code\OgreMesh.cpp ..\..\code\OgreSkeleton.cpp ..\..\code\PlyLoader.cpp ..\..\code\PlyParser.cpp ..\..\code\PlyExporter.cpp ..\..\code\Q3DLoader.cpp ..\..\code\Q3BSPFileParser.cpp ..\..\code\Q3BSPFileImporter.cpp ..\..\code\Q3BSPZipArchive.cpp ..\..\code\RawLoader.cpp ..\..\code\SMDLoader.cpp ..\..\code\STLLoader.cpp ..\..\code\STLExporter.cpp ..\..\code\UnrealLoader.cpp ..\..\code\XFileImporter.cpp ..\..\code\XFileParser.cpp ..\..\code\MS3DLoader.cpp ..\..\code\COBLoader.cpp ..\..\code\BlenderLoader.cpp ..\..\code\BlenderDNA.cpp ..\..\code\BlenderScene.cpp ..\..\code\BlenderModifier.cpp ..\..\code\NDOLoader.cpp ..\..\code\IFCLoader.cpp ..\..\code\IFCReaderGen.cpp ..\..\code\IFCUtil.cpp ..\..\code\IFCGeometry.cpp ..\..\code\IFCMaterial.cpp ..\..\code\IFCProfile.cpp ..\..\code\IFCCurve.cpp ..\..\code\IFCBoolean.cpp ..\..\code\IFCOpenings.cpp ..\..\code\STEPFileReader.cpp ..\..\code\STEPFileEncoding.cpp ..\..\code\XGLLoader.cpp ..\..\code\FBXImporter.cpp ..\..\code\FBXParser.cpp ..\..\code\FBXTokenizer.cpp ..\..\code\FBXConverter.cpp ..\..\code\FBXUtil.cpp ..\..\code\FBXDocument.cpp ..\..\code\FBXProperties.cpp ..\..\code\FBXMeshGeometry.cpp ..\..\code\FBXMaterial.cpp ..\..\code\FBXModel.cpp ..\..\code\FBXAnimation.cpp ..\..\code\FBXNodeAttribute.cpp ..\..\code\FBXDeformer.cpp ..\..\code\FBXBinaryTokenizer.cpp ..\..\code\FBXDocumentUtil.cpp ..\..\contrib\irrXML\irrXML.cpp ..\..\contrib\poly2tri\poly2tri\common\shapes.cc ..\..\contrib\poly2tri\poly2tri\sweep\advancing_front.cc ..\..\contrib\poly2tri\poly2tri\sweep\cdt.cc ..\..\contrib\poly2tri\poly2tri\sweep\sweep.cc ..\..\contrib\poly2tri\poly2tri\sweep\sweep_context.cc ..\..\contrib\clipper\clipper.cpp  /Zm1000 
         Assimp.cpp
         AssimpPCH.cpp
         BaseImporter.cpp
         BaseProcess.cpp
         PostStepRegistry.cpp
         ImporterRegistry.cpp
         DefaultIOStream.cpp
         DefaultIOSystem.cpp
         Importer.cpp
         SGSpatialSort.cpp
         VertexTriangleAdjacency.cpp
         SpatialSort.cpp
         SceneCombiner.cpp
         ScenePreprocessor.cpp
         SkeletonMeshBuilder.cpp
         SplitByBoneCountProcess.cpp
         StandardShapes.cpp
         TargetAnimation.cpp
         RemoveComments.cpp
         Subdivision.cpp
         Generating Code...
         Compiling...
         DefaultLogger.cpp
         Exporter.cpp
         AssimpCExport.cpp
         CalcTangentsProcess.cpp
         ComputeUVMappingProcess.cpp
         ConvertToLHProcess.cpp
         FindDegenerates.cpp
         FindInstancesProcess.cpp
         FindInvalidDataProcess.cpp
         FixNormalsStep.cpp
         GenFaceNormalsProcess.cpp
         GenVertexNormalsProcess.cpp
         PretransformVertices.cpp
         ImproveCacheLocality.cpp
         JoinVerticesProcess.cpp
         LimitBoneWeightsProcess.cpp
         RemoveRedundantMaterials.cpp
         RemoveVCProcess.cpp
         SortByPTypeProcess.cpp
         SplitLargeMeshes.cpp
         Generating Code...
         Compiling...
         TerragenLoader.cpp
         TextureTransform.cpp
         TriangulateProcess.cpp
         ValidateDataStructure.cpp
         OptimizeGraph.cpp
         OptimizeMeshes.cpp
         DeboneProcess.cpp
         ProcessHelper.cpp
         MakeVerboseFormat.cpp
         3DSConverter.cpp
         3DSLoader.cpp
         ACLoader.cpp
         ASELoader.cpp
         ASEParser.cpp
         B3DImporter.cpp
         BVHLoader.cpp
         ColladaLoader.cpp
         ColladaParser.cpp
         ColladaExporter.cpp
         DXFLoader.cpp
         Generating Code...
         Compiling...
         CSMLoader.cpp
         HMPLoader.cpp
         IRRLoader.cpp
         IRRMeshLoader.cpp
         IRRShared.cpp
         LWOAnimation.cpp
         LWOBLoader.cpp
         LWOLoader.cpp
         LWOMaterial.cpp
         LWSLoader.cpp
         M3Importer.cpp
         MD2Loader.cpp
         MD3Loader.cpp
         MD5Loader.cpp
         MD5Parser.cpp
         MDCLoader.cpp
         MDLLoader.cpp
         MDLMaterialLoader.cpp
         MaterialSystem.cpp
         NFFLoader.cpp
         Generating Code...
         Compiling...
         OFFLoader.cpp
         ObjFileImporter.cpp
         ObjFileMtlImporter.cpp
         ObjFileParser.cpp
         ObjExporter.cpp
         OgreImporter.cpp
         OgreMaterial.cpp
         OgreMesh.cpp
         OgreSkeleton.cpp
         PlyLoader.cpp
         PlyParser.cpp
         PlyExporter.cpp
         Q3DLoader.cpp
         Q3BSPFileParser.cpp
         Q3BSPFileImporter.cpp
         Q3BSPZipArchive.cpp
         RawLoader.cpp
         SMDLoader.cpp
         STLLoader.cpp
         STLExporter.cpp
         Generating Code...
         Compiling...
         UnrealLoader.cpp
         XFileImporter.cpp
         XFileParser.cpp
         MS3DLoader.cpp
         COBLoader.cpp
         BlenderLoader.cpp
         BlenderDNA.cpp
         BlenderScene.cpp
         BlenderModifier.cpp
         NDOLoader.cpp
         IFCLoader.cpp
         IFCReaderGen.cpp
         IFCUtil.cpp
         IFCGeometry.cpp
         IFCMaterial.cpp
         IFCProfile.cpp
         IFCCurve.cpp
         IFCBoolean.cpp
         IFCOpenings.cpp
         STEPFileReader.cpp
         Generating Code...
         Compiling...
         STEPFileEncoding.cpp
         XGLLoader.cpp
         FBXImporter.cpp
         FBXParser.cpp
         FBXTokenizer.cpp
         FBXConverter.cpp
         FBXUtil.cpp
         FBXDocument.cpp
         FBXProperties.cpp
         FBXMeshGeometry.cpp
         FBXMaterial.cpp
         FBXModel.cpp
         FBXAnimation.cpp
         FBXNodeAttribute.cpp
         FBXDeformer.cpp
         FBXBinaryTokenizer.cpp
         FBXDocumentUtil.cpp
         irrXML.cpp
         shapes.cc
         advancing_front.cc
         Generating Code...
     1>c:\dev\engine\csc3204\lib\assimp\contrib\poly2tri\poly2tri\common\shapes.cc(167): warning C4715: 'p2t::Triangle::Index' : not all control paths return a value
     1>c:\dev\engine\csc3204\lib\assimp\contrib\poly2tri\poly2tri\common\shapes.cc(226): warning C4715: 'p2t::Triangle::PointCW' : not all control paths return a value
     1>c:\dev\engine\csc3204\lib\assimp\contrib\poly2tri\poly2tri\common\shapes.cc(239): warning C4715: 'p2t::Triangle::PointCCW' : not all control paths return a value
         Compiling...
         cdt.cc
         sweep.cc
         sweep_context.cc
         clipper.cpp
         Generating Code...
         c:\Program Files (x86)\Microsoft Visual Studio 10.0\VC\bin\CL.exe /c /IC:/dev/engine/csc3204/lib/assimp/include /IC:/dev/engine/csc3204/lib/assimp/code/BoostWorkaround /IC:/dev/engine/csc3204/lib/assimp/3rdparty/zlib /IC:/dev/engine/csc3204/lib/assimp/code/../contrib/unzip /Zi /nologo /W3 /WX- /Od /Ob0 /Oy- /D WIN32 /D _WINDOWS /D _DEBUG /D ASSIMP_BUILD_BOOST_WORKAROUND /D ASSIMP_BUILD_DLL_EXPORT /D _SCL_SECURE_NO_WARNINGS /D _CRT_SECURE_NO_WARNINGS /D "CMAKE_INTDIR=\"Debug\"" /D assimp_EXPORTS /D _WINDLL /D _MBCS /Gm- /EHsc /RTC1 /MDd /GS /fp:precise /Zc:wchar_t /Zc:forScope /GR /Fo"assimp.dir\Debug\\" /Fd"C:/dev/engine/csc3204/lib/assimp/build/code/Debug/assimpD.pdb" /Gd /TC /analyze- /errorReport:prompt ..\..\contrib\ConvertUTF\ConvertUTF.c ..\..\contrib\unzip\ioapi.c ..\..\contrib\unzip\unzip.c  /Zm1000 
         ConvertUTF.c
         ioapi.c
         unzip.c
         Generating Code...
       ManifestResourceCompile:
         C:\Program Files (x86)\Microsoft SDKs\Windows\v7.0A\bin\rc.exe /nologo /fo"assimp.dir\Debug\assimpD.dll.embed.manifest.res" assimp.dir\Debug\assimpD_manifest.rc 
       Link:
         c:\Program Files (x86)\Microsoft Visual Studio 10.0\VC\bin\link.exe /ERRORREPORT:PROMPT /OUT:"C:\dev\engine\csc3204\lib\assimp\build\code\Debug\assimpD.dll" /INCREMENTAL /NOLOGO kernel32.lib user32.lib gdi32.lib winspool.lib shell32.lib ole32.lib oleaut32.lib uuid.lib comdlg32.lib advapi32.lib ..\contrib\zlib\Debug\zlibd.lib /MANIFEST /ManifestFile:"assimp.dir\Debug\assimpD.dll.intermediate.manifest" /MANIFESTUAC:"level='asInvoker' uiAccess='false'" /DEBUG /PDB:"C:/dev/engine/csc3204/lib/assimp/build/code/Debug/assimpD.pdb" /SUBSYSTEM:CONSOLE /STACK:"10000000" /TLBID:1 /DYNAMICBASE /NXCOMPAT /IMPLIB:"C:/dev/engine/csc3204/lib/assimp/build/code/Debug/assimpD.lib" /MACHINE:X86 /DLL assimp.dir\Debug\assimpD.dll.embed.manifest.res
         assimp.dir\Debug\Assimp.obj
         assimp.dir\Debug\AssimpPCH.obj
         assimp.dir\Debug\BaseImporter.obj
         assimp.dir\Debug\BaseProcess.obj
         assimp.dir\Debug\PostStepRegistry.obj
         assimp.dir\Debug\ImporterRegistry.obj
         assimp.dir\Debug\DefaultIOStream.obj
         assimp.dir\Debug\DefaultIOSystem.obj
         assimp.dir\Debug\Importer.obj
         assimp.dir\Debug\SGSpatialSort.obj
         assimp.dir\Debug\VertexTriangleAdjacency.obj
         assimp.dir\Debug\SpatialSort.obj
         assimp.dir\Debug\SceneCombiner.obj
         assimp.dir\Debug\ScenePreprocessor.obj
         assimp.dir\Debug\SkeletonMeshBuilder.obj
         assimp.dir\Debug\SplitByBoneCountProcess.obj
         assimp.dir\Debug\StandardShapes.obj
         assimp.dir\Debug\TargetAnimation.obj
         assimp.dir\Debug\RemoveComments.obj
         assimp.dir\Debug\Subdivision.obj
         assimp.dir\Debug\DefaultLogger.obj
         assimp.dir\Debug\Exporter.obj
         assimp.dir\Debug\AssimpCExport.obj
         assimp.dir\Debug\CalcTangentsProcess.obj
         assimp.dir\Debug\ComputeUVMappingProcess.obj
         assimp.dir\Debug\ConvertToLHProcess.obj
         assimp.dir\Debug\FindDegenerates.obj
         assimp.dir\Debug\FindInstancesProcess.obj
         assimp.dir\Debug\FindInvalidDataProcess.obj
         assimp.dir\Debug\FixNormalsStep.obj
         assimp.dir\Debug\GenFaceNormalsProcess.obj
         assimp.dir\Debug\GenVertexNormalsProcess.obj
         assimp.dir\Debug\PretransformVertices.obj
         assimp.dir\Debug\ImproveCacheLocality.obj
         assimp.dir\Debug\JoinVerticesProcess.obj
         assimp.dir\Debug\LimitBoneWeightsProcess.obj
         assimp.dir\Debug\RemoveRedundantMaterials.obj
         assimp.dir\Debug\RemoveVCProcess.obj
         assimp.dir\Debug\SortByPTypeProcess.obj
         assimp.dir\Debug\SplitLargeMeshes.obj
         assimp.dir\Debug\TerragenLoader.obj
         assimp.dir\Debug\TextureTransform.obj
         assimp.dir\Debug\TriangulateProcess.obj
         assimp.dir\Debug\ValidateDataStructure.obj
         assimp.dir\Debug\OptimizeGraph.obj
         assimp.dir\Debug\OptimizeMeshes.obj
         assimp.dir\Debug\DeboneProcess.obj
         assimp.dir\Debug\ProcessHelper.obj
         assimp.dir\Debug\MakeVerboseFormat.obj
         assimp.dir\Debug\3DSConverter.obj
         assimp.dir\Debug\3DSLoader.obj
         assimp.dir\Debug\ACLoader.obj
         assimp.dir\Debug\ASELoader.obj
         assimp.dir\Debug\ASEParser.obj
         assimp.dir\Debug\B3DImporter.obj
         assimp.dir\Debug\BVHLoader.obj
         assimp.dir\Debug\ColladaLoader.obj
         assimp.dir\Debug\ColladaParser.obj
         assimp.dir\Debug\ColladaExporter.obj
         assimp.dir\Debug\DXFLoader.obj
         assimp.dir\Debug\CSMLoader.obj
         assimp.dir\Debug\HMPLoader.obj
         assimp.dir\Debug\IRRLoader.obj
         assimp.dir\Debug\IRRMeshLoader.obj
         assimp.dir\Debug\IRRShared.obj
         assimp.dir\Debug\LWOAnimation.obj
         assimp.dir\Debug\LWOBLoader.obj
         assimp.dir\Debug\LWOLoader.obj
         assimp.dir\Debug\LWOMaterial.obj
         assimp.dir\Debug\LWSLoader.obj
         assimp.dir\Debug\M3Importer.obj
         assimp.dir\Debug\MD2Loader.obj
         assimp.dir\Debug\MD3Loader.obj
         assimp.dir\Debug\MD5Loader.obj
         assimp.dir\Debug\MD5Parser.obj
         assimp.dir\Debug\MDCLoader.obj
         assimp.dir\Debug\MDLLoader.obj
         assimp.dir\Debug\MDLMaterialLoader.obj
         assimp.dir\Debug\MaterialSystem.obj
         assimp.dir\Debug\NFFLoader.obj
         assimp.dir\Debug\OFFLoader.obj
         assimp.dir\Debug\ObjFileImporter.obj
         assimp.dir\Debug\ObjFileMtlImporter.obj
         assimp.dir\Debug\ObjFileParser.obj
         assimp.dir\Debug\ObjExporter.obj
         assimp.dir\Debug\OgreImporter.obj
         assimp.dir\Debug\OgreMaterial.obj
         assimp.dir\Debug\OgreMesh.obj
         assimp.dir\Debug\OgreSkeleton.obj
         assimp.dir\Debug\PlyLoader.obj
         assimp.dir\Debug\PlyParser.obj
         assimp.dir\Debug\PlyExporter.obj
         assimp.dir\Debug\Q3DLoader.obj
         assimp.dir\Debug\Q3BSPFileParser.obj
         assimp.dir\Debug\Q3BSPFileImporter.obj
         assimp.dir\Debug\Q3BSPZipArchive.obj
         assimp.dir\Debug\RawLoader.obj
         assimp.dir\Debug\SMDLoader.obj
         assimp.dir\Debug\STLLoader.obj
         assimp.dir\Debug\STLExporter.obj
         assimp.dir\Debug\UnrealLoader.obj
         assimp.dir\Debug\XFileImporter.obj
         assimp.dir\Debug\XFileParser.obj
         assimp.dir\Debug\MS3DLoader.obj
         assimp.dir\Debug\COBLoader.obj
         assimp.dir\Debug\BlenderLoader.obj
         assimp.dir\Debug\BlenderDNA.obj
         assimp.dir\Debug\BlenderScene.obj
         assimp.dir\Debug\BlenderModifier.obj
         assimp.dir\Debug\NDOLoader.obj
         assimp.dir\Debug\IFCLoader.obj
         assimp.dir\Debug\IFCReaderGen.obj
         assimp.dir\Debug\IFCUtil.obj
         assimp.dir\Debug\IFCGeometry.obj
         assimp.dir\Debug\IFCMaterial.obj
         assimp.dir\Debug\IFCProfile.obj
         assimp.dir\Debug\IFCCurve.obj
         assimp.dir\Debug\IFCBoolean.obj
         assimp.dir\Debug\IFCOpenings.obj
         assimp.dir\Debug\STEPFileReader.obj
         assimp.dir\Debug\STEPFileEncoding.obj
         assimp.dir\Debug\XGLLoader.obj
         assimp.dir\Debug\FBXImporter.obj
         assimp.dir\Debug\FBXParser.obj
         assimp.dir\Debug\FBXTokenizer.obj
         assimp.dir\Debug\FBXConverter.obj
         assimp.dir\Debug\FBXUtil.obj
         assimp.dir\Debug\FBXDocument.obj
         assimp.dir\Debug\FBXProperties.obj
         assimp.dir\Debug\FBXMeshGeometry.obj
         assimp.dir\Debug\FBXMaterial.obj
         assimp.dir\Debug\FBXModel.obj
         assimp.dir\Debug\FBXAnimation.obj
         assimp.dir\Debug\FBXNodeAttribute.obj
         assimp.dir\Debug\FBXDeformer.obj
         assimp.dir\Debug\FBXBinaryTokenizer.obj
         assimp.dir\Debug\FBXDocumentUtil.obj
         assimp.dir\Debug\irrXML.obj
         assimp.dir\Debug\ConvertUTF.obj
         assimp.dir\Debug\ioapi.obj
         assimp.dir\Debug\unzip.obj
         assimp.dir\Debug\shapes.obj
         assimp.dir\Debug\advancing_front.obj
         assimp.dir\Debug\cdt.obj
         assimp.dir\Debug\sweep.obj
         assimp.dir\Debug\sweep_context.obj
         assimp.dir\Debug\clipper.obj  /machine:X86 /debug 
            Creating library C:/dev/engine/csc3204/lib/assimp/build/code/Debug/assimpD.lib and object C:/dev/engine/csc3204/lib/assimp/build/code/Debug/assimpD.exp
       Manifest:
         C:\Program Files (x86)\Microsoft SDKs\Windows\v7.0A\bin\mt.exe /nologo /verbose /out:"assimp.dir\Debug\assimpD.dll.embed.manifest" /manifest assimp.dir\Debug\assimpD.dll.intermediate.manifest
         C:\Program Files (x86)\Microsoft SDKs\Windows\v7.0A\bin\rc.exe /nologo /fo"assimp.dir\Debug\assimpD.dll.embed.manifest.res" assimp.dir\Debug\assimpD_manifest.rc 
       LinkEmbedManifest:
         c:\Program Files (x86)\Microsoft Visual Studio 10.0\VC\bin\link.exe /ERRORREPORT:PROMPT /OUT:"C:\dev\engine\csc3204\lib\assimp\build\code\Debug\assimpD.dll" /INCREMENTAL /NOLOGO kernel32.lib user32.lib gdi32.lib winspool.lib shell32.lib ole32.lib oleaut32.lib uuid.lib comdlg32.lib advapi32.lib ..\contrib\zlib\Debug\zlibd.lib /MANIFEST /ManifestFile:"assimp.dir\Debug\assimpD.dll.intermediate.manifest" /MANIFESTUAC:"level='asInvoker' uiAccess='false'" /DEBUG /PDB:"C:/dev/engine/csc3204/lib/assimp/build/code/Debug/assimpD.pdb" /SUBSYSTEM:CONSOLE /STACK:"10000000" /TLBID:1 /DYNAMICBASE /NXCOMPAT /IMPLIB:"C:/dev/engine/csc3204/lib/assimp/build/code/Debug/assimpD.lib" /MACHINE:X86 /DLL assimp.dir\Debug\assimpD.dll.embed.manifest.res
         assimp.dir\Debug\Assimp.obj
         assimp.dir\Debug\AssimpPCH.obj
         assimp.dir\Debug\BaseImporter.obj
         assimp.dir\Debug\BaseProcess.obj
         assimp.dir\Debug\PostStepRegistry.obj
         assimp.dir\Debug\ImporterRegistry.obj
         assimp.dir\Debug\DefaultIOStream.obj
         assimp.dir\Debug\DefaultIOSystem.obj
         assimp.dir\Debug\Importer.obj
         assimp.dir\Debug\SGSpatialSort.obj
         assimp.dir\Debug\VertexTriangleAdjacency.obj
         assimp.dir\Debug\SpatialSort.obj
         assimp.dir\Debug\SceneCombiner.obj
         assimp.dir\Debug\ScenePreprocessor.obj
         assimp.dir\Debug\SkeletonMeshBuilder.obj
         assimp.dir\Debug\SplitByBoneCountProcess.obj
         assimp.dir\Debug\StandardShapes.obj
         assimp.dir\Debug\TargetAnimation.obj
         assimp.dir\Debug\RemoveComments.obj
         assimp.dir\Debug\Subdivision.obj
         assimp.dir\Debug\DefaultLogger.obj
         assimp.dir\Debug\Exporter.obj
         assimp.dir\Debug\AssimpCExport.obj
         assimp.dir\Debug\CalcTangentsProcess.obj
         assimp.dir\Debug\ComputeUVMappingProcess.obj
         assimp.dir\Debug\ConvertToLHProcess.obj
         assimp.dir\Debug\FindDegenerates.obj
         assimp.dir\Debug\FindInstancesProcess.obj
         assimp.dir\Debug\FindInvalidDataProcess.obj
         assimp.dir\Debug\FixNormalsStep.obj
         assimp.dir\Debug\GenFaceNormalsProcess.obj
         assimp.dir\Debug\GenVertexNormalsProcess.obj
         assimp.dir\Debug\PretransformVertices.obj
         assimp.dir\Debug\ImproveCacheLocality.obj
         assimp.dir\Debug\JoinVerticesProcess.obj
         assimp.dir\Debug\LimitBoneWeightsProcess.obj
         assimp.dir\Debug\RemoveRedundantMaterials.obj
         assimp.dir\Debug\RemoveVCProcess.obj
         assimp.dir\Debug\SortByPTypeProcess.obj
         assimp.dir\Debug\SplitLargeMeshes.obj
         assimp.dir\Debug\TerragenLoader.obj
         assimp.dir\Debug\TextureTransform.obj
         assimp.dir\Debug\TriangulateProcess.obj
         assimp.dir\Debug\ValidateDataStructure.obj
         assimp.dir\Debug\OptimizeGraph.obj
         assimp.dir\Debug\OptimizeMeshes.obj
         assimp.dir\Debug\DeboneProcess.obj
         assimp.dir\Debug\ProcessHelper.obj
         assimp.dir\Debug\MakeVerboseFormat.obj
         assimp.dir\Debug\3DSConverter.obj
         assimp.dir\Debug\3DSLoader.obj
         assimp.dir\Debug\ACLoader.obj
         assimp.dir\Debug\ASELoader.obj
         assimp.dir\Debug\ASEParser.obj
         assimp.dir\Debug\B3DImporter.obj
         assimp.dir\Debug\BVHLoader.obj
         assimp.dir\Debug\ColladaLoader.obj
         assimp.dir\Debug\ColladaParser.obj
         assimp.dir\Debug\ColladaExporter.obj
         assimp.dir\Debug\DXFLoader.obj
         assimp.dir\Debug\CSMLoader.obj
         assimp.dir\Debug\HMPLoader.obj
         assimp.dir\Debug\IRRLoader.obj
         assimp.dir\Debug\IRRMeshLoader.obj
         assimp.dir\Debug\IRRShared.obj
         assimp.dir\Debug\LWOAnimation.obj
         assimp.dir\Debug\LWOBLoader.obj
         assimp.dir\Debug\LWOLoader.obj
         assimp.dir\Debug\LWOMaterial.obj
         assimp.dir\Debug\LWSLoader.obj
         assimp.dir\Debug\M3Importer.obj
         assimp.dir\Debug\MD2Loader.obj
         assimp.dir\Debug\MD3Loader.obj
         assimp.dir\Debug\MD5Loader.obj
         assimp.dir\Debug\MD5Parser.obj
         assimp.dir\Debug\MDCLoader.obj
         assimp.dir\Debug\MDLLoader.obj
         assimp.dir\Debug\MDLMaterialLoader.obj
         assimp.dir\Debug\MaterialSystem.obj
         assimp.dir\Debug\NFFLoader.obj
         assimp.dir\Debug\OFFLoader.obj
         assimp.dir\Debug\ObjFileImporter.obj
         assimp.dir\Debug\ObjFileMtlImporter.obj
         assimp.dir\Debug\ObjFileParser.obj
         assimp.dir\Debug\ObjExporter.obj
         assimp.dir\Debug\OgreImporter.obj
         assimp.dir\Debug\OgreMaterial.obj
         assimp.dir\Debug\OgreMesh.obj
         assimp.dir\Debug\OgreSkeleton.obj
         assimp.dir\Debug\PlyLoader.obj
         assimp.dir\Debug\PlyParser.obj
         assimp.dir\Debug\PlyExporter.obj
         assimp.dir\Debug\Q3DLoader.obj
         assimp.dir\Debug\Q3BSPFileParser.obj
         assimp.dir\Debug\Q3BSPFileImporter.obj
         assimp.dir\Debug\Q3BSPZipArchive.obj
         assimp.dir\Debug\RawLoader.obj
         assimp.dir\Debug\SMDLoader.obj
         assimp.dir\Debug\STLLoader.obj
         assimp.dir\Debug\STLExporter.obj
         assimp.dir\Debug\UnrealLoader.obj
         assimp.dir\Debug\XFileImporter.obj
         assimp.dir\Debug\XFileParser.obj
         assimp.dir\Debug\MS3DLoader.obj
         assimp.dir\Debug\COBLoader.obj
         assimp.dir\Debug\BlenderLoader.obj
         assimp.dir\Debug\BlenderDNA.obj
         assimp.dir\Debug\BlenderScene.obj
         assimp.dir\Debug\BlenderModifier.obj
         assimp.dir\Debug\NDOLoader.obj
         assimp.dir\Debug\IFCLoader.obj
         assimp.dir\Debug\IFCReaderGen.obj
         assimp.dir\Debug\IFCUtil.obj
         assimp.dir\Debug\IFCGeometry.obj
         assimp.dir\Debug\IFCMaterial.obj
         assimp.dir\Debug\IFCProfile.obj
         assimp.dir\Debug\IFCCurve.obj
         assimp.dir\Debug\IFCBoolean.obj
         assimp.dir\Debug\IFCOpenings.obj
         assimp.dir\Debug\STEPFileReader.obj
         assimp.dir\Debug\STEPFileEncoding.obj
         assimp.dir\Debug\XGLLoader.obj
         assimp.dir\Debug\FBXImporter.obj
         assimp.dir\Debug\FBXParser.obj
         assimp.dir\Debug\FBXTokenizer.obj
         assimp.dir\Debug\FBXConverter.obj
         assimp.dir\Debug\FBXUtil.obj
         assimp.dir\Debug\FBXDocument.obj
         assimp.dir\Debug\FBXProperties.obj
         assimp.dir\Debug\FBXMeshGeometry.obj
         assimp.dir\Debug\FBXMaterial.obj
         assimp.dir\Debug\FBXModel.obj
         assimp.dir\Debug\FBXAnimation.obj
         assimp.dir\Debug\FBXNodeAttribute.obj
         assimp.dir\Debug\FBXDeformer.obj
         assimp.dir\Debug\FBXBinaryTokenizer.obj
         assimp.dir\Debug\FBXDocumentUtil.obj
         assimp.dir\Debug\irrXML.obj
         assimp.dir\Debug\ConvertUTF.obj
         assimp.dir\Debug\ioapi.obj
         assimp.dir\Debug\unzip.obj
         assimp.dir\Debug\shapes.obj
         assimp.dir\Debug\advancing_front.obj
         assimp.dir\Debug\cdt.obj
         assimp.dir\Debug\sweep.obj
         assimp.dir\Debug\sweep_context.obj
         assimp.dir\Debug\clipper.obj  /machine:X86 /debug 
            Creating library C:/dev/engine/csc3204/lib/assimp/build/code/Debug/assimpD.lib and object C:/dev/engine/csc3204/lib/assimp/build/code/Debug/assimpD.exp
         assimp.vcxproj -> C:\dev\engine\csc3204\lib\assimp\build\code\Debug\assimpD.dll
       FinalizeBuildStatus:
         Deleting file "assimp.dir\Debug\assimp.unsuccessfulbuild".
         Touching "assimp.dir\Debug\assimp.lastbuildstate".
     1>Done Building Project "C:\dev\engine\csc3204\lib\assimp\build\code\assimp.vcxproj" (build target(s)).

Build succeeded.

Time Elapsed 00:01:43.28
